# JRE version: Java(TM) SE Runtime Environment (23.0.2+7) (build 23.0.2+7-58)
# Java VM: Java HotSpot(TM) 64-Bit Server VM (23.0.2+7-58, mixed mode, emulated-client, sharing, tiered, compressed oops, compressed class ptrs, g1 gc, bsd-aarch64)
GC Precious Log:
 CardTable entry size: 512
 Card Set container configuration: InlinePtr #cards 4 size 8 Array Of Cards #cards 16 size 48 Howl #buckets 8 coarsen threshold 3686 Howl Bitmap #cards 512 size 80 coarsen threshold 460 Card regions per heap region 1 cards per card region 4096
 CPUs: 10 total, 10 available
 Memory: 16384M
 Large Page Support: Disabled
 NUMA Support: Disabled
 Compressed Oops: Enabled (Zero based)
 Heap Region Size: 2M
 Heap Min Capacity: 8M
 Heap Initial Capacity: 256M
 Heap Max Capacity: 4G
 Pre-touch: Disabled
 Parallel Workers: 9
 Concurrent Workers: 2
 Concurrent Refinement Workers: 9
 Periodic GC: Disabled
Heap:
 garbage-first heap   total reserved 4194304K, committed 92160K, used 72725K [0x00000004d5000000, 0x00000005d5000000)
  region size 2048K, 25 young (51200K), 0 survivors (0K)
 Metaspace       used 67074K, committed 67712K, reserved 1114112K
  class space    used 9396K, committed 9664K, reserved 1048576K
GC Heap History (20 events):
Event: 6.600 GC heap before
{Heap before GC invocations=9 (full 0):
 garbage-first heap   total reserved 4194304K, committed 163840K, used 76796K [0x00000004d5000000, 0x00000005d5000000)
  region size 2048K, 32 young (65536K), 3 survivors (6144K)
 Metaspace       used 35598K, committed 36096K, reserved 1114112K
  class space    used 4691K, committed 4928K, reserved 1048576K
}
Event: 6.602 GC heap after
{Heap after GC invocations=10 (full 0):
 garbage-first heap   total reserved 4194304K, committed 163840K, used 21208K [0x00000004d5000000, 0x00000005d5000000)
  region size 2048K, 3 young (6144K), 3 survivors (6144K)
 Metaspace       used 35598K, committed 36096K, reserved 1114112K
  class space    used 4691K, committed 4928K, reserved 1048576K
}
Event: 6.881 GC heap before
{Heap before GC invocations=11 (full 0):
 garbage-first heap   total reserved 4194304K, committed 75776K, used 60120K [0x00000004d5000000, 0x00000005d5000000)
  region size 2048K, 22 young (45056K), 3 survivors (6144K)
 Metaspace       used 40018K, committed 40640K, reserved 1114112K
  class space    used 5323K, committed 5568K, reserved 1048576K
}
Event: 6.883 GC heap after
{Heap after GC invocations=12 (full 0):
 garbage-first heap   total reserved 4194304K, committed 75776K, used 22318K [0x00000004d5000000, 0x00000005d5000000)
  region size 2048K, 2 young (4096K), 2 survivors (4096K)
 Metaspace       used 40018K, committed 40640K, reserved 1114112K
  class space    used 5323K, committed 5568K, reserved 1048576K
}
Event: 7.010 GC heap before
{Heap before GC invocations=12 (full 0):
 garbage-first heap   total reserved 4194304K, committed 75776K, used 61230K [0x00000004d5000000, 0x00000005d5000000)
  region size 2048K, 22 young (45056K), 2 survivors (4096K)
 Metaspace       used 43803K, committed 44416K, reserved 1114112K
  class space    used 5866K, committed 6144K, reserved 1048576K
}
Event: 7.012 GC heap after
{Heap after GC invocations=13 (full 0):
 garbage-first heap   total reserved 4194304K, committed 75776K, used 23028K [0x00000004d5000000, 0x00000005d5000000)
  region size 2048K, 2 young (4096K), 2 survivors (4096K)
 Metaspace       used 43803K, committed 44416K, reserved 1114112K
  class space    used 5866K, committed 6144K, reserved 1048576K
}
Event: 7.151 GC heap before
{Heap before GC invocations=13 (full 0):
 garbage-first heap   total reserved 4194304K, committed 75776K, used 63988K [0x00000004d5000000, 0x00000005d5000000)
  region size 2048K, 22 young (45056K), 2 survivors (4096K)
 Metaspace       used 47364K, committed 47872K, reserved 1114112K
  class space    used 6502K, committed 6720K, reserved 1048576K
}
Event: 7.152 GC heap after
{Heap after GC invocations=14 (full 0):
 garbage-first heap   total reserved 4194304K, committed 75776K, used 24162K [0x00000004d5000000, 0x00000005d5000000)
  region size 2048K, 2 young (4096K), 2 survivors (4096K)
 Metaspace       used 47364K, committed 47872K, reserved 1114112K
  class space    used 6502K, committed 6720K, reserved 1048576K
}
Event: 7.281 GC heap before
{Heap before GC invocations=14 (full 0):
 garbage-first heap   total reserved 4194304K, committed 75776K, used 63074K [0x00000004d5000000, 0x00000005d5000000)
  region size 2048K, 21 young (43008K), 2 survivors (4096K)
 Metaspace       used 51033K, committed 51584K, reserved 1114112K
  class space    used 7112K, committed 7360K, reserved 1048576K
}
Event: 7.283 GC heap after
{Heap after GC invocations=15 (full 0):
 garbage-first heap   total reserved 4194304K, committed 75776K, used 25543K [0x00000004d5000000, 0x00000005d5000000)
  region size 2048K, 3 young (6144K), 3 survivors (6144K)
 Metaspace       used 51033K, committed 51584K, reserved 1114112K
  class space    used 7112K, committed 7360K, reserved 1048576K
}
Event: 7.387 GC heap before
{Heap before GC invocations=15 (full 0):
 garbage-first heap   total reserved 4194304K, committed 75776K, used 60359K [0x00000004d5000000, 0x00000005d5000000)
  region size 2048K, 20 young (40960K), 3 survivors (6144K)
 Metaspace       used 54262K, committed 54784K, reserved 1114112K
  class space    used 7522K, committed 7744K, reserved 1048576K
}
Event: 7.389 GC heap after
{Heap after GC invocations=16 (full 0):
 garbage-first heap   total reserved 4194304K, committed 92160K, used 26213K [0x00000004d5000000, 0x00000005d5000000)
  region size 2048K, 2 young (4096K), 2 survivors (4096K)
 Metaspace       used 54262K, committed 54784K, reserved 1114112K
  class space    used 7522K, committed 7744K, reserved 1048576K
}
Event: 7.596 GC heap before
{Heap before GC invocations=16 (full 0):
 garbage-first heap   total reserved 4194304K, committed 92160K, used 75365K [0x00000004d5000000, 0x00000005d5000000)
  region size 2048K, 27 young (55296K), 2 survivors (4096K)
 Metaspace       used 60251K, committed 60864K, reserved 1114112K
  class space    used 8463K, committed 8768K, reserved 1048576K
}
Event: 7.598 GC heap after
{Heap after GC invocations=17 (full 0):
 garbage-first heap   total reserved 4194304K, committed 92160K, used 27289K [0x00000004d5000000, 0x00000005d5000000)
  region size 2048K, 3 young (6144K), 3 survivors (6144K)
 Metaspace       used 60251K, committed 60864K, reserved 1114112K
  class space    used 8463K, committed 8768K, reserved 1048576K
}
Event: 7.623 GC heap before
{Heap before GC invocations=17 (full 0):
 garbage-first heap   total reserved 4194304K, committed 92160K, used 29337K [0x00000004d5000000, 0x00000005d5000000)
  region size 2048K, 5 young (10240K), 3 survivors (6144K)
 Metaspace       used 60492K, committed 61120K, reserved 1114112K
  class space    used 8506K, committed 8832K, reserved 1048576K
}
Event: 7.625 GC heap after
{Heap after GC invocations=18 (full 0):
 garbage-first heap   total reserved 4194304K, committed 92160K, used 27486K [0x00000004d5000000, 0x00000005d5000000)
  region size 2048K, 3 young (6144K), 3 survivors (6144K)
 Metaspace       used 60492K, committed 61120K, reserved 1114112K
  class space    used 8506K, committed 8832K, reserved 1048576K
}
Event: 7.908 GC heap before
{Heap before GC invocations=19 (full 0):
 garbage-first heap   total reserved 4194304K, committed 92160K, used 76638K [0x00000004d5000000, 0x00000005d5000000)
  region size 2048K, 27 young (55296K), 3 survivors (6144K)
 Metaspace       used 63603K, committed 64320K, reserved 1114112K
  class space    used 8969K, committed 9280K, reserved 1048576K
}
Event: 7.911 GC heap after
{Heap after GC invocations=20 (full 0):
 garbage-first heap   total reserved 4194304K, committed 92160K, used 30763K [0x00000004d5000000, 0x00000005d5000000)
  region size 2048K, 4 young (8192K), 4 survivors (8192K)
 Metaspace       used 63603K, committed 64320K, reserved 1114112K
  class space    used 8969K, committed 9280K, reserved 1048576K
}
Event: 69.087 GC heap before
{Heap before GC invocations=20 (full 0):
 garbage-first heap   total reserved 4194304K, committed 92160K, used 63531K [0x00000004d5000000, 0x00000005d5000000)
  region size 2048K, 22 young (45056K), 4 survivors (8192K)
 Metaspace       used 67000K, committed 67648K, reserved 1114112K
  class space    used 9383K, committed 9664K, reserved 1048576K
}
Event: 69.126 GC heap after
{Heap after GC invocations=21 (full 1):
 garbage-first heap   total reserved 4194304K, committed 92160K, used 25621K [0x00000004d5000000, 0x00000005d5000000)
  region size 2048K, 0 young (0K), 0 survivors (0K)
 Metaspace       used 67000K, committed 67648K, reserved 1114112K
  class space    used 9383K, committed 9664K, reserved 1048576K
}

